<?xml version="1.0" encoding="UTF-8"?>
<!-- Generated by org.testng.reporters.JUnitReportReporter -->
<testsuite skipped="0" hostname="DESKTOP-GRDIH8E" name="com.test.FreeCRMExample.FreeCRMTest1" tests="1" failures="0" timestamp="30 Mar 2018 17:56:42 GMT" time="34.943" errors="0">
  <testcase name="verifyFreeCRMLogin" time="34.943" classname="com.test.FreeCRMExample.FreeCRMTest1"/>
</testsuite> <!-- com.test.FreeCRMExample.FreeCRMTest1 -->
